[11:51.19.379] Connecting to SharePoint Site https://wmg.sharepoint.com/sites/CE-Focus-List
[11:51.20.582] Getting source list
[11:51.21.785] Getting destination list
[11:51.22.829] Getting source items
[11:51.24.088] Iterating item Wie lang
[11:51.24.325] Uploading version 1.0
[11:51.28.781] Uploading version 2.0
[11:51.32.473] Uploading version 3.0
[11:51.36.500] Uploading version 4.0
[11:51.40.239] Uploading last version
[11:51.43.900] Iterating item This Is the One (feat. Lambert) [Naked Version]
[11:51.44.121] Uploading version 1.0
[11:51.48.085] Uploading version 2.0
[11:51.51.756] Uploading version 3.0
[11:51.55.481] Uploading last version
[11:51.59.109] Iterating item This Is the One (feat. Lambert) [Naked Version]
[11:51.59.333] Uploading version 1.0
[11:52.02.992] Uploading version 2.0
[11:52.06.570] Uploading version 3.0
[11:52.10.153] Uploading version 4.0
[11:52.13.793] Uploading last version
